2021/07/12 11:23:56 [emerg] 1#1: host not found in upstream "grafana" in /etc/nginx/conf.d/k8s-master.gq.conf:21
2021/07/12 11:23:59 [notice] 1#1: using the "epoll" event method
2021/07/12 11:23:59 [notice] 1#1: nginx/1.21.1
2021/07/12 11:23:59 [notice] 1#1: built by gcc 10.3.1 20210424 (Alpine 10.3.1_git20210424) 
2021/07/12 11:23:59 [notice] 1#1: OS: Linux 4.18.0-305.3.1.el8_4.x86_64
2021/07/12 11:23:59 [notice] 1#1: getrlimit(RLIMIT_NOFILE): 1048576:1048576
2021/07/12 11:23:59 [notice] 1#1: start worker processes
2021/07/12 11:23:59 [notice] 1#1: start worker process 22
2021/07/12 11:23:59 [notice] 1#1: start worker process 23
2021/07/12 11:31:20 [notice] 1#1: signal 3 (SIGQUIT) received, shutting down
2021/07/12 11:31:20 [notice] 22#22: gracefully shutting down
2021/07/12 11:31:20 [notice] 23#23: gracefully shutting down
2021/07/12 11:31:20 [notice] 22#22: exiting
2021/07/12 11:31:20 [notice] 23#23: exiting
2021/07/12 11:31:20 [notice] 22#22: exit
2021/07/12 11:31:20 [notice] 23#23: exit
2021/07/12 11:31:20 [notice] 1#1: signal 17 (SIGCHLD) received from 22
2021/07/12 11:31:20 [notice] 1#1: worker process 22 exited with code 0
2021/07/12 11:31:20 [notice] 1#1: signal 29 (SIGIO) received
2021/07/12 11:31:20 [notice] 1#1: signal 17 (SIGCHLD) received from 23
2021/07/12 11:31:20 [notice] 1#1: worker process 23 exited with code 0
2021/07/12 11:31:20 [notice] 1#1: exit
2021/07/12 11:31:40 [notice] 1#1: using the "epoll" event method
2021/07/12 11:31:40 [notice] 1#1: nginx/1.21.1
2021/07/12 11:31:40 [notice] 1#1: built by gcc 10.3.1 20210424 (Alpine 10.3.1_git20210424) 
2021/07/12 11:31:40 [notice] 1#1: OS: Linux 4.18.0-305.3.1.el8_4.x86_64
2021/07/12 11:31:40 [notice] 1#1: getrlimit(RLIMIT_NOFILE): 1048576:1048576
2021/07/12 11:31:40 [notice] 1#1: start worker processes
2021/07/12 11:31:40 [notice] 1#1: start worker process 22
2021/07/12 11:31:40 [notice] 1#1: start worker process 23
2021/07/12 11:48:32 [notice] 1#1: signal 3 (SIGQUIT) received, shutting down
2021/07/12 11:48:32 [notice] 22#22: gracefully shutting down
2021/07/12 11:48:32 [notice] 22#22: exiting
2021/07/12 11:48:32 [notice] 22#22: exit
2021/07/12 11:48:32 [notice] 23#23: gracefully shutting down
2021/07/12 11:48:32 [notice] 23#23: exiting
2021/07/12 11:48:32 [notice] 23#23: exit
2021/07/12 11:48:32 [notice] 1#1: signal 17 (SIGCHLD) received from 22
2021/07/12 11:48:32 [notice] 1#1: worker process 22 exited with code 0
2021/07/12 11:48:32 [notice] 1#1: signal 29 (SIGIO) received
2021/07/12 11:48:32 [notice] 1#1: signal 17 (SIGCHLD) received from 23
2021/07/12 11:48:32 [notice] 1#1: worker process 23 exited with code 0
2021/07/12 11:48:32 [notice] 1#1: exit
2021/07/12 11:50:33 [notice] 1#1: using the "epoll" event method
2021/07/12 11:50:33 [notice] 1#1: nginx/1.21.1
2021/07/12 11:50:33 [notice] 1#1: built by gcc 10.3.1 20210424 (Alpine 10.3.1_git20210424) 
2021/07/12 11:50:33 [notice] 1#1: OS: Linux 4.18.0-305.3.1.el8_4.x86_64
2021/07/12 11:50:33 [notice] 1#1: getrlimit(RLIMIT_NOFILE): 1048576:1048576
2021/07/12 11:50:33 [notice] 1#1: start worker processes
2021/07/12 11:50:33 [notice] 1#1: start worker process 22
2021/07/12 11:50:33 [notice] 1#1: start worker process 23
2021/07/12 11:51:51 [notice] 1#1: signal 3 (SIGQUIT) received, shutting down
2021/07/12 11:51:51 [notice] 22#22: gracefully shutting down
2021/07/12 11:51:51 [notice] 22#22: exiting
2021/07/12 11:51:51 [notice] 22#22: exit
2021/07/12 11:51:51 [notice] 23#23: gracefully shutting down
2021/07/12 11:51:51 [notice] 23#23: exiting
2021/07/12 11:51:51 [notice] 23#23: exit
2021/07/12 11:51:51 [notice] 1#1: signal 17 (SIGCHLD) received from 22
2021/07/12 11:51:51 [notice] 1#1: worker process 22 exited with code 0
2021/07/12 11:51:51 [notice] 1#1: signal 29 (SIGIO) received
2021/07/12 11:51:51 [notice] 1#1: signal 17 (SIGCHLD) received from 23
2021/07/12 11:51:51 [notice] 1#1: worker process 23 exited with code 0
2021/07/12 11:51:51 [notice] 1#1: exit
2021/07/12 11:52:10 [notice] 1#1: using the "epoll" event method
2021/07/12 11:52:10 [notice] 1#1: nginx/1.21.1
2021/07/12 11:52:10 [notice] 1#1: built by gcc 10.3.1 20210424 (Alpine 10.3.1_git20210424) 
2021/07/12 11:52:10 [notice] 1#1: OS: Linux 4.18.0-305.3.1.el8_4.x86_64
2021/07/12 11:52:10 [notice] 1#1: getrlimit(RLIMIT_NOFILE): 1048576:1048576
2021/07/12 11:52:10 [notice] 1#1: start worker processes
2021/07/12 11:52:10 [notice] 1#1: start worker process 22
2021/07/12 11:52:10 [notice] 1#1: start worker process 23
2021/07/12 11:53:21 [notice] 1#1: signal 3 (SIGQUIT) received, shutting down
2021/07/12 11:53:21 [notice] 22#22: gracefully shutting down
2021/07/12 11:53:21 [notice] 22#22: exiting
2021/07/12 11:53:21 [notice] 22#22: exit
2021/07/12 11:53:21 [notice] 23#23: gracefully shutting down
2021/07/12 11:53:21 [notice] 23#23: exiting
2021/07/12 11:53:21 [notice] 23#23: exit
2021/07/12 11:53:21 [notice] 1#1: signal 17 (SIGCHLD) received from 22
2021/07/12 11:53:21 [notice] 1#1: worker process 22 exited with code 0
2021/07/12 11:53:21 [notice] 1#1: signal 29 (SIGIO) received
2021/07/12 11:53:21 [notice] 1#1: signal 17 (SIGCHLD) received from 23
2021/07/12 11:53:21 [notice] 1#1: worker process 23 exited with code 0
2021/07/12 11:53:21 [notice] 1#1: exit
2021/07/12 11:54:01 [notice] 1#1: using the "epoll" event method
2021/07/12 11:54:01 [notice] 1#1: nginx/1.21.1
2021/07/12 11:54:01 [notice] 1#1: built by gcc 10.3.1 20210424 (Alpine 10.3.1_git20210424) 
2021/07/12 11:54:01 [notice] 1#1: OS: Linux 4.18.0-305.3.1.el8_4.x86_64
2021/07/12 11:54:01 [notice] 1#1: getrlimit(RLIMIT_NOFILE): 1048576:1048576
2021/07/12 11:54:01 [notice] 1#1: start worker processes
2021/07/12 11:54:01 [notice] 1#1: start worker process 22
2021/07/12 11:54:01 [notice] 1#1: start worker process 23
2021/07/12 11:54:52 [notice] 1#1: signal 3 (SIGQUIT) received, shutting down
2021/07/12 11:54:52 [notice] 23#23: gracefully shutting down
2021/07/12 11:54:52 [notice] 22#22: gracefully shutting down
2021/07/12 11:54:52 [notice] 23#23: exiting
2021/07/12 11:54:52 [notice] 22#22: exiting
2021/07/12 11:54:52 [notice] 23#23: exit
2021/07/12 11:54:52 [notice] 22#22: exit
2021/07/12 11:54:52 [notice] 1#1: signal 17 (SIGCHLD) received from 23
2021/07/12 11:54:52 [notice] 1#1: worker process 23 exited with code 0
2021/07/12 11:54:52 [notice] 1#1: signal 29 (SIGIO) received
2021/07/12 11:54:52 [notice] 1#1: signal 17 (SIGCHLD) received from 22
2021/07/12 11:54:52 [notice] 1#1: worker process 22 exited with code 0
2021/07/12 11:54:52 [notice] 1#1: exit
