2021/07/11 21:40:09 [notice] 1#1: using the "epoll" event method
2021/07/11 21:40:09 [notice] 1#1: nginx/1.21.1
2021/07/11 21:40:09 [notice] 1#1: built by gcc 10.3.1 20210424 (Alpine 10.3.1_git20210424) 
2021/07/11 21:40:09 [notice] 1#1: OS: Linux 4.18.0-305.3.1.el8_4.x86_64
2021/07/11 21:40:09 [notice] 1#1: getrlimit(RLIMIT_NOFILE): 1048576:1048576
2021/07/11 21:40:09 [notice] 1#1: start worker processes
2021/07/11 21:40:09 [notice] 1#1: start worker process 23
2021/07/11 21:40:09 [notice] 1#1: start worker process 24
2021/07/11 21:43:00 [error] 23#23: *7 open() "/usr/share/nginx/html/favicon.ico" failed (2: No such file or directory), client: 172.18.0.4, server: k8s-master.cf, request: "GET /favicon.ico HTTP/1.1", host: "k8s-master.cf", referrer: "https://k8s-master.cf/"
2021/07/11 21:51:48 [notice] 1#1: signal 3 (SIGQUIT) received, shutting down
2021/07/11 21:51:48 [notice] 23#23: gracefully shutting down
2021/07/11 21:51:48 [notice] 24#24: gracefully shutting down
2021/07/11 21:51:48 [notice] 23#23: exiting
2021/07/11 21:51:48 [notice] 24#24: exiting
2021/07/11 21:51:48 [notice] 23#23: exit
2021/07/11 21:51:48 [notice] 24#24: exit
2021/07/11 21:51:48 [notice] 1#1: signal 17 (SIGCHLD) received from 23
2021/07/11 21:51:48 [notice] 1#1: worker process 23 exited with code 0
2021/07/11 21:51:48 [notice] 1#1: worker process 24 exited with code 0
2021/07/11 21:51:48 [notice] 1#1: exit
